<?xml version='1.0' encoding='UTF-8'?>
<testsuite hostname="APM3LC02XV0YKJGH6" name="CircuitBreakerSpec" tests="3" errors="0" failures="0" skipped="0" time="1.302" timestamp="2019-10-20T20:43:11">
                     <properties>
[...]
</properties>
                     <testcase classname="CircuitBreakerSpec" name="CircuitBreaker should pass successfully for all underlying successful calls" time="0.285">
                                                 
                                               </testcase><testcase classname="CircuitBreakerSpec" name="CircuitBreaker should remain closed for failures within threshold" time="0.003">
                                                 
                                               </testcase><testcase classname="CircuitBreakerSpec" name="CircuitBreaker should move to open state for failures beyond threshold" time="1.014">
                                                 
                                               </testcase>
                     <system-out><![CDATA[]]></system-out>
                     <system-err><![CDATA[]]></system-err>
                   </testsuite>