[error] sbt.librarymanagement.ResolveException: Error downloading org.scalatest:scalatest_2.13:3.0.1
[error]   Not found
[error]   Not found
[error]   not found: /Users/eu33fg/.ivy2/local/org.scalatest/scalatest_2.13/3.0.1/ivys/ivy.xml
[error]   not found: https://repo1.maven.org/maven2/org/scalatest/scalatest_2.13/3.0.1/scalatest_2.13-3.0.1.pom
[error] Error downloading org.typelevel:cats-core_2.13:1.6.0
[error]   Not found
[error]   Not found
[error]   not found: /Users/eu33fg/.ivy2/local/org.typelevel/cats-core_2.13/1.6.0/ivys/ivy.xml
[error]   not found: https://repo1.maven.org/maven2/org/typelevel/cats-core_2.13/1.6.0/cats-core_2.13-1.6.0.pom
[error] Error downloading org.typelevel:cats-effect_2.13:1.1.0
[error]   Not found
[error]   Not found
[error]   not found: /Users/eu33fg/.ivy2/local/org.typelevel/cats-effect_2.13/1.1.0/ivys/ivy.xml
[error]   not found: https://repo1.maven.org/maven2/org/typelevel/cats-effect_2.13/1.1.0/cats-effect_2.13-1.1.0.pom
[error] 	at lmcoursier.CoursierDependencyResolution.unresolvedWarningOrThrow(CoursierDependencyResolution.scala:245)
[error] 	at lmcoursier.CoursierDependencyResolution.$anonfun$update$34(CoursierDependencyResolution.scala:214)
[error] 	at scala.util.Either$LeftProjection.map(Either.scala:573)
[error] 	at lmcoursier.CoursierDependencyResolution.update(CoursierDependencyResolution.scala:214)
[error] 	at sbt.librarymanagement.DependencyResolution.update(DependencyResolution.scala:60)
[error] 	at sbt.internal.LibraryManagement$.resolve$1(LibraryManagement.scala:52)
[error] 	at sbt.internal.LibraryManagement$.$anonfun$cachedUpdate$12(LibraryManagement.scala:102)
[error] 	at sbt.util.Tracked$.$anonfun$lastOutput$1(Tracked.scala:69)
[error] 	at sbt.internal.LibraryManagement$.$anonfun$cachedUpdate$20(LibraryManagement.scala:115)
[error] 	at scala.util.control.Exception$Catch.apply(Exception.scala:228)
[error] 	at sbt.internal.LibraryManagement$.$anonfun$cachedUpdate$11(LibraryManagement.scala:115)
[error] 	at sbt.internal.LibraryManagement$.$anonfun$cachedUpdate$11$adapted(LibraryManagement.scala:96)
[error] 	at sbt.util.Tracked$.$anonfun$inputChanged$1(Tracked.scala:150)
[error] 	at sbt.internal.LibraryManagement$.cachedUpdate(LibraryManagement.scala:129)
[error] 	at sbt.Classpaths$.$anonfun$updateTask0$5(Defaults.scala:2946)
[error] 	at scala.Function1.$anonfun$compose$1(Function1.scala:49)
[error] 	at sbt.internal.util.$tilde$greater.$anonfun$$u2219$1(TypeFunctions.scala:62)
[error] 	at sbt.std.Transform$$anon$4.work(Transform.scala:67)
[error] 	at sbt.Execute.$anonfun$submit$2(Execute.scala:281)
[error] 	at sbt.internal.util.ErrorHandling$.wideConvert(ErrorHandling.scala:19)
[error] 	at sbt.Execute.work(Execute.scala:290)
[error] 	at sbt.Execute.$anonfun$submit$1(Execute.scala:281)
[error] 	at sbt.ConcurrentRestrictions$$anon$4.$anonfun$submitValid$1(ConcurrentRestrictions.scala:178)
[error] 	at sbt.CompletionService$$anon$2.call(CompletionService.scala:37)
[error] 	at java.util.concurrent.FutureTask.run(FutureTask.java:266)
[error] 	at java.util.concurrent.Executors$RunnableAdapter.call(Executors.java:511)
[error] 	at java.util.concurrent.FutureTask.run(FutureTask.java:266)
[error] 	at java.util.concurrent.ThreadPoolExecutor.runWorker(ThreadPoolExecutor.java:1149)
[error] 	at java.util.concurrent.ThreadPoolExecutor$Worker.run(ThreadPoolExecutor.java:624)
[error] 	at java.lang.Thread.run(Thread.java:748)
[error] (ssExtractDependencies) sbt.librarymanagement.ResolveException: Error downloading org.scalatest:scalatest_2.13:3.0.1
[error]   Not found
[error]   Not found
[error]   not found: /Users/eu33fg/.ivy2/local/org.scalatest/scalatest_2.13/3.0.1/ivys/ivy.xml
[error]   not found: https://repo1.maven.org/maven2/org/scalatest/scalatest_2.13/3.0.1/scalatest_2.13-3.0.1.pom
[error] Error downloading org.typelevel:cats-core_2.13:1.6.0
[error]   Not found
[error]   Not found
[error]   not found: /Users/eu33fg/.ivy2/local/org.typelevel/cats-core_2.13/1.6.0/ivys/ivy.xml
[error]   not found: https://repo1.maven.org/maven2/org/typelevel/cats-core_2.13/1.6.0/cats-core_2.13-1.6.0.pom
[error] Error downloading org.typelevel:cats-effect_2.13:1.1.0
[error]   Not found
[error]   Not found
[error]   not found: /Users/eu33fg/.ivy2/local/org.typelevel/cats-effect_2.13/1.1.0/ivys/ivy.xml
[error]   not found: https://repo1.maven.org/maven2/org/typelevel/cats-effect_2.13/1.1.0/cats-effect_2.13-1.1.0.pom
